build/app/intermediates/manifest_merge_blame_file/debug/manifest-merger-blame-debug-report.txt
1<?xml version="1.0" encoding="utf-8"?>
2<manifest xmlns:android="http://schemas.android.com/apk/res/android"
3    package="com.emkaTECH.sonotrak"
4    android:versionCode="1"
5    android:versionName="1.0.0" >
6
7    <uses-sdk
8        android:minSdkVersion="20"
9        android:targetSdkVersion="31" />
10    <!--
11         Flutter needs it to communicate with the running application
12         to allow setting breakpoints, to provide hot reload, etc.
13    -->
14    <uses-permission android:name="android.permission.INTERNET" />
14-->src/debug/AndroidManifest.xml:6:5-66
14-->src/debug/AndroidManifest.xml:6:22-64
15    <uses-permission android:name="android.permission.ACCESS_NETWORK_STATE" />
15-->[:connectivity] AndroidManifest.xml:7:5-79
15-->[:connectivity] AndroidManifest.xml:7:22-76
16    <uses-permission android:name="android.permission.ACCESS_COARSE_LOCATION" />
16-->[:location] AndroidManifest.xml:7:5-81
16-->[:location] AndroidManifest.xml:7:22-78
17    <uses-permission android:name="android.permission.ACCESS_FINE_LOCATION" />
17-->[:location] AndroidManifest.xml:8:5-79
17-->[:location] AndroidManifest.xml:8:22-76
18
19    <uses-feature
19-->[com.google.android.gms:play-services-maps:18.1.0] AndroidManifest.xml:26:5-28:35
20        android:glEsVersion="0x00020000"
20-->[com.google.android.gms:play-services-maps:18.1.0] AndroidManifest.xml:27:9-41
21        android:required="true" />
21-->[com.google.android.gms:play-services-maps:18.1.0] AndroidManifest.xml:28:9-32
22
23    <queries>
23-->[com.google.android.gms:play-services-maps:18.1.0] AndroidManifest.xml:30:5-34:15
24
25        <!-- Needs to be explicitly declared on Android R+ -->
26        <package android:name="com.google.android.apps.maps" />
26-->[com.google.android.gms:play-services-maps:18.1.0] AndroidManifest.xml:33:9-64
26-->[com.google.android.gms:play-services-maps:18.1.0] AndroidManifest.xml:33:18-61
27    </queries> <!-- <uses-permission android:name="android.permission.QUERY_ALL_PACKAGES" /> -->
28    <application
28-->src/main/AndroidManifest.xml:5:4-50:19
29        android:appComponentFactory="androidx.core.app.CoreComponentFactory"
29-->[androidx.core:core:1.6.0] AndroidManifest.xml:24:18-86
30        android:debuggable="true"
31        android:icon="@mipmap/launcher_icon"
31-->src/main/AndroidManifest.xml:7:9-45
32        android:label="SONOTRAK" >
32-->src/main/AndroidManifest.xml:6:9-33
33        <meta-data
33-->src/main/AndroidManifest.xml:8:10-9:66
34            android:name="com.google.android.geo.API_KEY"
34-->src/main/AndroidManifest.xml:8:21-66
35            android:value="AIzaSyAhiApIMmfzo1JSvkEAgKBhkJP79I4cg3c" />
35-->src/main/AndroidManifest.xml:9:9-64
36
37        <activity
37-->src/main/AndroidManifest.xml:11:9-13:38
38            android:name="io.flutter.plugins.urllauncher.WebViewActivity"
38-->src/main/AndroidManifest.xml:11:19-80
39            android:exported="false"
39-->src/main/AndroidManifest.xml:13:12-36
40            android:theme="@android:style/Theme.NoTitleBar.Fullscreen" />
40-->src/main/AndroidManifest.xml:12:12-70
41        <activity
41-->src/main/AndroidManifest.xml:15:9-44:20
42            android:name="com.example.sonotrak.MainActivity"
42-->src/main/AndroidManifest.xml:16:13-41
43            android:configChanges="orientation|keyboardHidden|keyboard|screenSize|smallestScreenSize|locale|layoutDirection|fontScale|screenLayout|density|uiMode"
43-->src/main/AndroidManifest.xml:19:13-163
44            android:exported="true"
44-->src/main/AndroidManifest.xml:22:13-36
45            android:hardwareAccelerated="true"
45-->src/main/AndroidManifest.xml:20:13-47
46            android:launchMode="singleTop"
46-->src/main/AndroidManifest.xml:17:13-43
47            android:theme="@style/LaunchTheme"
47-->src/main/AndroidManifest.xml:18:13-47
48            android:windowSoftInputMode="adjustResize" >
48-->src/main/AndroidManifest.xml:21:13-55
49
50            <!--
51                 Specifies an Android theme to apply to this Activity as soon as
52                 the Android process has started. This theme is visible to the user
53                 while the Flutter UI initializes. After that, this theme continues
54                 to determine the Window background behind the Flutter UI.
55            -->
56            <meta-data
56-->src/main/AndroidManifest.xml:27:13-30:17
57                android:name="io.flutter.embedding.android.NormalTheme"
57-->src/main/AndroidManifest.xml:28:15-70
58                android:resource="@style/NormalTheme" />
58-->src/main/AndroidManifest.xml:29:15-52
59            <!--
60                 Displays an Android View that continues showing the launch screen
61                 Drawable until Flutter paints its first frame, then this splash
62                 screen fades out. A splash screen is useful to avoid any visual
63                 gap between the end of Android's launch screen and the painting of
64                 Flutter's first frame.
65            -->
66            <meta-data
66-->src/main/AndroidManifest.xml:36:13-39:17
67                android:name="io.flutter.embedding.android.SplashScreenDrawable"
67-->src/main/AndroidManifest.xml:37:15-79
68                android:resource="@drawable/launch_background" />
68-->src/main/AndroidManifest.xml:38:15-61
69
70            <intent-filter>
70-->src/main/AndroidManifest.xml:40:13-43:29
71                <action android:name="android.intent.action.MAIN" />
71-->src/main/AndroidManifest.xml:41:17-68
71-->src/main/AndroidManifest.xml:41:25-66
72
73                <category android:name="android.intent.category.LAUNCHER" />
73-->src/main/AndroidManifest.xml:42:17-76
73-->src/main/AndroidManifest.xml:42:27-74
74            </intent-filter>
75        </activity>
76        <!--
77             Don't delete the meta-data below.
78             This is used by the Flutter tool to generate GeneratedPluginRegistrant.java
79        -->
80        <meta-data
80-->src/main/AndroidManifest.xml:47:9-49:33
81            android:name="flutterEmbedding"
81-->src/main/AndroidManifest.xml:48:13-44
82            android:value="2" />
82-->src/main/AndroidManifest.xml:49:13-30
83
84        <service
84-->[:location] AndroidManifest.xml:11:9-15:56
85            android:name="com.lyokone.location.FlutterLocationService"
85-->[:location] AndroidManifest.xml:12:13-71
86            android:enabled="true"
86-->[:location] AndroidManifest.xml:13:13-35
87            android:exported="false"
87-->[:location] AndroidManifest.xml:14:13-37
88            android:foregroundServiceType="location" />
88-->[:location] AndroidManifest.xml:15:13-53
89
90        <uses-library
90-->[androidx.window:window:1.0.0-beta04] AndroidManifest.xml:25:9-27:40
91            android:name="androidx.window.extensions"
91-->[androidx.window:window:1.0.0-beta04] AndroidManifest.xml:26:13-54
92            android:required="false" />
92-->[androidx.window:window:1.0.0-beta04] AndroidManifest.xml:27:13-37
93        <uses-library
93-->[androidx.window:window:1.0.0-beta04] AndroidManifest.xml:28:9-30:40
94            android:name="androidx.window.sidecar"
94-->[androidx.window:window:1.0.0-beta04] AndroidManifest.xml:29:13-51
95            android:required="false" /> <!-- Needs to be explicitly declared on P+ -->
95-->[androidx.window:window:1.0.0-beta04] AndroidManifest.xml:30:13-37
96        <uses-library
96-->[com.google.android.gms:play-services-maps:18.1.0] AndroidManifest.xml:39:9-41:40
97            android:name="org.apache.http.legacy"
97-->[com.google.android.gms:play-services-maps:18.1.0] AndroidManifest.xml:40:13-50
98            android:required="false" />
98-->[com.google.android.gms:play-services-maps:18.1.0] AndroidManifest.xml:41:13-37
99
100        <activity
100-->[com.google.android.gms:play-services-base:18.0.1] AndroidManifest.xml:20:9-22:45
101            android:name="com.google.android.gms.common.api.GoogleApiActivity"
101-->[com.google.android.gms:play-services-base:18.0.1] AndroidManifest.xml:20:19-85
102            android:exported="false"
102-->[com.google.android.gms:play-services-base:18.0.1] AndroidManifest.xml:22:19-43
103            android:theme="@android:style/Theme.Translucent.NoTitleBar" />
103-->[com.google.android.gms:play-services-base:18.0.1] AndroidManifest.xml:21:19-78
104
105        <meta-data
105-->[com.google.android.gms:play-services-basement:18.0.0] AndroidManifest.xml:21:9-23:69
106            android:name="com.google.android.gms.version"
106-->[com.google.android.gms:play-services-basement:18.0.0] AndroidManifest.xml:22:13-58
107            android:value="@integer/google_play_services_version" />
107-->[com.google.android.gms:play-services-basement:18.0.0] AndroidManifest.xml:23:13-66
108    </application>
109
110</manifest>